
*** Imported 187 new test cases from: ./findings/default/queue

[+] AFL test case: id:000000,time:0,execs:0,orig:random_4000.hex (0 / 187), cycle: 0
    lines......: 6.2% (220 of 3576 lines)
    functions..: 7.4% (9 of 121 functions)

    Coverage diff (init) id:000000,time:0,execs:0,orig:random_4000.hex
diff (init) -> id:000000,time:0,execs:0,orig:random_4000.hex
New src file: /home/shibo/syslogd/usr.sbin/syslogd-cov/harness.c
  New 'function' coverage: build_simple_message()
  New 'function' coverage: build_single_str_message()
  New 'function' coverage: custom_harness()
  New 'line' coverage: 217
  New 'line' coverage: 219
  New 'line' coverage: 220
  New 'line' coverage: 221
  New 'line' coverage: 222
  New 'line' coverage: 223
  New 'line' coverage: 226
  New 'line' coverage: 227
  New 'line' coverage: 233
  New 'line' coverage: 234
  New 'line' coverage: 235
  New 'line' coverage: 236
  New 'line' coverage: 239
  New 'line' coverage: 240
  New 'line' coverage: 241
  New 'line' coverage: 243
  New 'line' coverage: 248
  New 'line' coverage: 249
  New 'line' coverage: 250
  New 'line' coverage: 251
  New 'line' coverage: 252
  New 'line' coverage: 258
  New 'line' coverage: 259
  New 'line' coverage: 260
  New 'line' coverage: 261
  New 'line' coverage: 274
  New 'line' coverage: 275
  New 'line' coverage: 278
  New 'line' coverage: 279
  New 'line' coverage: 282
  New 'line' coverage: 283
  New 'line' coverage: 284
  New 'line' coverage: 285
  New 'line' coverage: 290
  New 'line' coverage: 292
  New 'line' coverage: 293
  New 'line' coverage: 294
  New 'line' coverage: 33
  New 'line' coverage: 35
  New 'line' coverage: 36
  New 'line' coverage: 37
  New 'line' coverage: 38
  New 'line' coverage: 39
  New 'line' coverage: 43
  New 'line' coverage: 47
  New 'line' coverage: 48
  New 'line' coverage: 49
  New 'line' coverage: 50
  New 'line' coverage: 51
  New 'line' coverage: 54
  New 'line' coverage: 58
  New 'line' coverage: 62
  New 'line' coverage: 63
  New 'line' coverage: 64
  New 'line' coverage: 65
  New 'line' coverage: 66
  New 'line' coverage: 67
  New 'line' coverage: 70
  New 'line' coverage: 71
  New 'line' coverage: 74
  New 'line' coverage: 79
  New 'line' coverage: 80
  New 'line' coverage: 83
  New 'line' coverage: 84
  New 'line' coverage: 88
  New 'line' coverage: 89
  New 'line' coverage: 92
  New 'line' coverage: 93
  New 'line' coverage: 96
  New 'line' coverage: 97
New src file: /home/shibo/syslogd/usr.sbin/syslogd-cov/log.c
  New 'function' coverage: log_init()
  New 'function' coverage: log_procinit()
  New 'line' coverage: 38
  New 'line' coverage: 42
  New 'line' coverage: 43
  New 'line' coverage: 44
  New 'line' coverage: 46
  New 'line' coverage: 47
  New 'line' coverage: 49
  New 'line' coverage: 50
  New 'line' coverage: 52
  New 'line' coverage: 53
  New 'line' coverage: 56
  New 'line' coverage: 58
  New 'line' coverage: 59
  New 'line' coverage: 60
New src file: /home/shibo/syslogd/usr.sbin/syslogd-cov/privsep.c
  New 'function' coverage: increase_state()
  New 'function' coverage: may_read()
  New 'function' coverage: priv_exec()
  New 'line' coverage: 178
  New 'line' coverage: 180
  New 'line' coverage: 181
  New 'line' coverage: 182
  New 'line' coverage: 183
  New 'line' coverage: 184
  New 'line' coverage: 185
  New 'line' coverage: 186
  New 'line' coverage: 187
  New 'line' coverage: 188
  New 'line' coverage: 191
  New 'line' coverage: 192
  New 'line' coverage: 211
  New 'line' coverage: 219
  New 'line' coverage: 221
  New 'line' coverage: 224
  New 'line' coverage: 225
  New 'line' coverage: 226
  New 'line' coverage: 227
  New 'line' coverage: 228
  New 'line' coverage: 229
  New 'line' coverage: 230
  New 'line' coverage: 233
  New 'line' coverage: 234
  New 'line' coverage: 238
  New 'line' coverage: 239
  New 'line' coverage: 240
  New 'line' coverage: 242
  New 'line' coverage: 243
  New 'line' coverage: 244
  New 'line' coverage: 247
  New 'line' coverage: 250
  New 'line' coverage: 255
  New 'line' coverage: 258
  New 'line' coverage: 259
  New 'line' coverage: 264
  New 'line' coverage: 265
  New 'line' coverage: 272
  New 'line' coverage: 273
  New 'line' coverage: 274
  New 'line' coverage: 275
  New 'line' coverage: 276
  New 'line' coverage: 277
  New 'line' coverage: 278
  New 'line' coverage: 284
  New 'line' coverage: 286
  New 'line' coverage: 287
  New 'line' coverage: 292
  New 'line' coverage: 295
  New 'line' coverage: 296
  New 'line' coverage: 297
  New 'line' coverage: 300
  New 'line' coverage: 302
  New 'line' coverage: 303
  New 'line' coverage: 304
  New 'line' coverage: 305
  New 'line' coverage: 306
  New 'line' coverage: 307
  New 'line' coverage: 310
  New 'line' coverage: 311
  New 'line' coverage: 312
  New 'line' coverage: 313
  New 'line' coverage: 314
  New 'line' coverage: 315
  New 'line' coverage: 316
  New 'line' coverage: 317
  New 'line' coverage: 319
  New 'line' coverage: 320
  New 'line' coverage: 322
  New 'line' coverage: 323
  New 'line' coverage: 326
  New 'line' coverage: 329
  New 'line' coverage: 330
  New 'line' coverage: 331
  New 'line' coverage: 333
  New 'line' coverage: 334
  New 'line' coverage: 335
  New 'line' coverage: 339
  New 'line' coverage: 340
  New 'line' coverage: 424
  New 'line' coverage: 426
  New 'line' coverage: 427
  New 'line' coverage: 687
  New 'line' coverage: 689
  New 'line' coverage: 690
  New 'line' coverage: 691
  New 'line' coverage: 692
  New 'line' coverage: 694
  New 'line' coverage: 695
  New 'line' coverage: 696
  New 'line' coverage: 940
  New 'line' coverage: 942
  New 'line' coverage: 943
  New 'line' coverage: 944
  New 'line' coverage: 946
  New 'line' coverage: 947
  New 'line' coverage: 948
  New 'line' coverage: 957
  New 'line' coverage: 958
  New 'line' coverage: 960
  New 'line' coverage: 961
New src file: /home/shibo/syslogd/usr.sbin/syslogd-cov/syslogd.c
  New 'function' coverage: main()
  New 'line' coverage: 367
  New 'line' coverage: 369
  New 'line' coverage: 370
  New 'line' coverage: 373
  New 'line' coverage: 374
  New 'line' coverage: 375
  New 'line' coverage: 376
  New 'line' coverage: 377
  New 'line' coverage: 378
  New 'line' coverage: 379
  New 'line' coverage: 380
  New 'line' coverage: 381
  New 'line' coverage: 382
  New 'line' coverage: 385
  New 'line' coverage: 386
  New 'line' coverage: 387
  New 'line' coverage: 390
  New 'line' coverage: 392
  New 'line' coverage: 393
  New 'line' coverage: 394
  New 'line' coverage: 396
  New 'line' coverage: 397
  New 'line' coverage: 398
  New 'line' coverage: 399
  New 'line' coverage: 401
  New 'line' coverage: 402
  New 'line' coverage: 403
  New 'line' coverage: 450
  New 'line' coverage: 451
  New 'line' coverage: 453
  New 'line' coverage: 490
  New 'line' coverage: 498
  New 'line' coverage: 500
  New 'line' coverage: 506
  New 'line' coverage: 507



++++++ BEGIN - first exec output for CMD: ./syslogd -P 1234 < ./findings/default/queue/id:000000,time:0,execs:0,orig:random_4000.hex
    syslogd: attempt to decrease or match current state (cur=2, new=2)
    [priv]: created socket pair: fd 4 and 5
    [priv]: writing 132 bytes to harness socket
    [priv]: wrote 132 bytes total
    [priv]: fork+exec done[priv]: increase_state called: cur_state=0, new_state=1
    [priv]: state changed to 1
    [priv]: waiting for command on socket 4
    [priv]: received command 8 (0x00000008)
    [priv]: msg PRIV_DONE_CONFIG_PARSE received[priv]: increase_state called: cur_state=1, new_state=2
    [priv]: state changed to 2
    [priv]: waiting for command on socket 4
    [priv]: received command 8 (0x00000008)
    [priv]: msg PRIV_DONE_CONFIG_PARSE received[priv]: increase_state called: cur_state=2, new_state=2
++++++ END

[+] AFL test case: id:000001,time:0,execs:0,orig:id:000001,src:000000,time:754,execs:2004,op:inf,pos:0,+cov (1 / 187), cycle: 0
    lines......: 9.0% (322 of 3576 lines)
    functions..: 11.6% (14 of 121 functions)

    Coverage diff id:000000,time:0,execs:0,orig:random_4000.hex id:000001,time:0,execs:0,orig:id:000001,src:000000,time:754,execs:2004,op:inf,pos:0,+cov
diff id:000000,time:0,execs:0,orig:random_4000.hex -> id:000001,time:0,execs:0,orig:id:000001,src:000000,time:754,execs:2004,op:inf,pos:0,+cov
Src file: /home/shibo/syslogd/usr.sbin/syslogd-cov/privsep.c
  New 'function' coverage: check_log_name()
  New 'function' coverage: check_tty_name()
  New 'function' coverage: must_read()
  New 'function' coverage: open_file()
  New 'line' coverage: 342
  New 'line' coverage: 344
  New 'line' coverage: 345
  New 'line' coverage: 347
  New 'line' coverage: 348
  New 'line' coverage: 349
  New 'line' coverage: 350
  New 'line' coverage: 351
  New 'line' coverage: 352
  New 'line' coverage: 355
  New 'line' coverage: 356
  New 'line' coverage: 360
  New 'line' coverage: 363
  New 'line' coverage: 364
  New 'line' coverage: 366
  New 'line' coverage: 367
  New 'line' coverage: 368
  New 'line' coverage: 370
  New 'line' coverage: 371
  New 'line' coverage: 377
  New 'line' coverage: 378
  New 'line' coverage: 379
  New 'line' coverage: 382
  New 'line' coverage: 385
  New 'line' coverage: 386
  New 'line' coverage: 387
  New 'line' coverage: 388
  New 'line' coverage: 389
  New 'line' coverage: 392
  New 'line' coverage: 395
  New 'line' coverage: 396
  New 'line' coverage: 397
  New 'line' coverage: 398
  New 'line' coverage: 399
  New 'line' coverage: 402
  New 'line' coverage: 403
  New 'line' coverage: 539
  New 'line' coverage: 542
  New 'line' coverage: 545
  New 'line' coverage: 546
  New 'line' coverage: 619
  New 'line' coverage: 621
  New 'line' coverage: 622
  New 'line' coverage: 625
  New 'line' coverage: 626
  New 'line' coverage: 629
  New 'line' coverage: 630
  New 'line' coverage: 634
  New 'line' coverage: 635
  New 'line' coverage: 636
  New 'line' coverage: 637
  New 'line' coverage: 644
  New 'line' coverage: 646
  New 'line' coverage: 647
  New 'line' coverage: 650
  New 'line' coverage: 651
  New 'line' coverage: 654
  New 'line' coverage: 656
  New 'line' coverage: 657
  New 'line' coverage: 659
  New 'line' coverage: 660
  New 'line' coverage: 661
  New 'line' coverage: 664
  New 'line' coverage: 665
  New 'line' coverage: 677
  New 'line' coverage: 683
  New 'line' coverage: 950
  New 'line' coverage: 966
  New 'line' coverage: 968
  New 'line' coverage: 969
  New 'line' coverage: 970
  New 'line' coverage: 972
  New 'line' coverage: 973
  New 'line' coverage: 974
  New 'line' coverage: 981
  New 'line' coverage: 982
  New 'line' coverage: 984
Src file: /home/shibo/syslogd/usr.sbin/syslogd-cov/privsep_fdpass.c
  New 'function' coverage: send_fd()
  New 'line' coverage: 45
  New 'line' coverage: 47
  New 'line' coverage: 48
  New 'line' coverage: 52
  New 'line' coverage: 53
  New 'line' coverage: 54
  New 'line' coverage: 55
  New 'line' coverage: 57
  New 'line' coverage: 59
  New 'line' coverage: 60
  New 'line' coverage: 61
  New 'line' coverage: 62
  New 'line' coverage: 63
  New 'line' coverage: 64
  New 'line' coverage: 65
  New 'line' coverage: 66
  New 'line' coverage: 67
  New 'line' coverage: 68
  New 'line' coverage: 71
  New 'line' coverage: 72
  New 'line' coverage: 73
  New 'line' coverage: 74
  New 'line' coverage: 76
  New 'line' coverage: 78
  New 'line' coverage: 81

[+] AFL test case: id:000002,time:0,execs:0,orig:id:000002,src:000000,time:758,execs:2012,op:inf,pos:0 (2 / 187), cycle: 0
    lines......: 9.0% (322 of 3576 lines)
    functions..: 11.6% (14 of 121 functions)
[+] AFL test case: id:000003,time:0,execs:0,orig:id:000003,src:000000,time:778,execs:2066,op:quick,pos:0,+cov (3 / 187), cycle: 0
    lines......: 9.0% (322 of 3576 lines)
    functions..: 11.6% (14 of 121 functions)
[+] AFL test case: id:000004,time:0,execs:0,orig:id:000004,src:000000,time:781,execs:2074,op:quick,pos:1,+cov (4 / 187), cycle: 0
    lines......: 9.0% (322 of 3576 lines)
    functions..: 11.6% (14 of 121 functions)
[+] AFL test case: id:000005,time:0,execs:0,orig:id:000005,src:000000,time:784,execs:2083,op:quick,pos:3 (5 / 187), cycle: 0
    lines......: 9.0% (322 of 3576 lines)
    functions..: 11.6% (14 of 121 functions)
[+] AFL test case: id:000006,time:0,execs:0,orig:id:000006,src:000000,time:836,execs:2217,op:flip1,pos:0,+cov (6 / 187), cycle: 0
    lines......: 9.0% (322 of 3576 lines)
    functions..: 11.6% (14 of 121 functions)
[+] AFL test case: id:000007,time:0,execs:0,orig:id:000007,src:000000,time:839,execs:2225,op:flip1,pos:0 (7 / 187), cycle: 0
    lines......: 9.0% (322 of 3576 lines)
    functions..: 11.6% (14 of 121 functions)
[+] AFL test case: id:000008,time:0,execs:0,orig:id:000008,src:000000,time:842,execs:2233,op:flip1,pos:0,+cov (8 / 187), cycle: 0
    lines......: 9.4% (337 of 3576 lines)
    functions..: 12.4% (15 of 121 functions)

    Coverage diff id:000007,time:0,execs:0,orig:id:000007,src:000000,time:839,execs:2225,op:flip1,pos:0 id:000008,time:0,execs:0,orig:id:000008,src:000000,time:842,execs:2233,op:flip1,pos:0,+cov
diff id:000007,time:0,execs:0,orig:id:000007,src:000000,time:839,execs:2225,op:flip1,pos:0 -> id:000008,time:0,execs:0,orig:id:000008,src:000000,time:842,execs:2233,op:flip1,pos:0,+cov
Src file: /home/shibo/syslogd/usr.sbin/syslogd-cov/privsep.c
  New 'function' coverage: open_pipe()
  New 'line' coverage: 372
  New 'line' coverage: 373
  New 'line' coverage: 549
  New 'line' coverage: 551
  New 'line' coverage: 552
  New 'line' coverage: 553
  New 'line' coverage: 554
  New 'line' coverage: 557
  New 'line' coverage: 558
  New 'line' coverage: 613
  New 'line' coverage: 667
  New 'line' coverage: 670
  New 'line' coverage: 680
  New 'line' coverage: 681
  New 'line' coverage: 682

[+] AFL test case: id:000009,time:0,execs:0,orig:id:000009,src:000000,time:846,execs:2242,op:flip1,pos:0,+cov (9 / 187), cycle: 0
    lines......: 9.8% (352 of 3576 lines)
    functions..: 13.2% (16 of 121 functions)

    Coverage diff id:000008,time:0,execs:0,orig:id:000008,src:000000,time:842,execs:2233,op:flip1,pos:0,+cov id:000009,time:0,execs:0,orig:id:000009,src:000000,time:846,execs:2242,op:flip1,pos:0,+cov
diff id:000008,time:0,execs:0,orig:id:000008,src:000000,time:842,execs:2233,op:flip1,pos:0,+cov -> id:000009,time:0,execs:0,orig:id:000009,src:000000,time:846,execs:2242,op:flip1,pos:0,+cov
Src file: /home/shibo/syslogd/usr.sbin/syslogd-cov/privsep.c
  New 'function' coverage: must_write()
  New 'line' coverage: 1010
  New 'line' coverage: 496
  New 'line' coverage: 497
  New 'line' coverage: 500
  New 'line' coverage: 501
  New 'line' coverage: 503
  New 'line' coverage: 504
  New 'line' coverage: 505
  New 'line' coverage: 506
  New 'line' coverage: 507
  New 'line' coverage: 508
  New 'line' coverage: 509
  New 'line' coverage: 514
  New 'line' coverage: 516
  New 'line' coverage: 990

[+] AFL test case: id:000010,time:0,execs:0,orig:id:000010,src:000000,time:849,execs:2250,op:flip1,pos:0 (10 / 187), cycle: 0
    lines......: 9.8% (352 of 3576 lines)
    functions..: 13.2% (16 of 121 functions)
[+] AFL test case: id:000011,time:0,execs:0,orig:id:000011,src:000000,time:853,execs:2260,op:flip1,pos:1,+cov (11 / 187), cycle: 0
    lines......: 9.8% (352 of 3576 lines)
    functions..: 13.2% (16 of 121 functions)
[+] AFL test case: id:000012,time:0,execs:0,orig:id:000012,src:000000,time:856,execs:2268,op:flip1,pos:1,+cov (12 / 187), cycle: 0
    lines......: 9.8% (352 of 3576 lines)
    functions..: 13.2% (16 of 121 functions)
[+] AFL test case: id:000013,time:0,execs:0,orig:id:000013,src:000000,time:859,execs:2278,op:flip1,pos:1 (13 / 187), cycle: 0
    lines......: 11.7% (417 of 3576 lines)
    functions..: 14.0% (17 of 121 functions)

    Coverage diff id:000012,time:0,execs:0,orig:id:000012,src:000000,time:856,execs:2268,op:flip1,pos:1,+cov id:000013,time:0,execs:0,orig:id:000013,src:000000,time:859,execs:2278,op:flip1,pos:1
diff id:000012,time:0,execs:0,orig:id:000012,src:000000,time:856,execs:2268,op:flip1,pos:1,+cov -> id:000013,time:0,execs:0,orig:id:000013,src:000000,time:859,execs:2278,op:flip1,pos:1
Src file: /home/shibo/syslogd/usr.sbin/syslogd-cov/harness.c
  New 'function' coverage: build_message_six()
  New 'line' coverage: 100
  New 'line' coverage: 101
  New 'line' coverage: 102
  New 'line' coverage: 103
  New 'line' coverage: 104
  New 'line' coverage: 105
  New 'line' coverage: 108
  New 'line' coverage: 112
  New 'line' coverage: 113
  New 'line' coverage: 114
  New 'line' coverage: 115
  New 'line' coverage: 116
  New 'line' coverage: 119
  New 'line' coverage: 123
  New 'line' coverage: 127
  New 'line' coverage: 128
  New 'line' coverage: 129
  New 'line' coverage: 130
  New 'line' coverage: 131
  New 'line' coverage: 132
  New 'line' coverage: 135
  New 'line' coverage: 136
  New 'line' coverage: 139
  New 'line' coverage: 144
  New 'line' coverage: 145
  New 'line' coverage: 146
  New 'line' coverage: 147
  New 'line' coverage: 148
  New 'line' coverage: 149
  New 'line' coverage: 152
  New 'line' coverage: 156
  New 'line' coverage: 160
  New 'line' coverage: 161
  New 'line' coverage: 162
  New 'line' coverage: 163
  New 'line' coverage: 164
  New 'line' coverage: 165
  New 'line' coverage: 168
  New 'line' coverage: 169
  New 'line' coverage: 172
  New 'line' coverage: 177
  New 'line' coverage: 178
  New 'line' coverage: 179
  New 'line' coverage: 180
  New 'line' coverage: 181
  New 'line' coverage: 182
  New 'line' coverage: 185
  New 'line' coverage: 189
  New 'line' coverage: 193
  New 'line' coverage: 194
  New 'line' coverage: 195
  New 'line' coverage: 196
  New 'line' coverage: 197
  New 'line' coverage: 198
  New 'line' coverage: 201
  New 'line' coverage: 202
  New 'line' coverage: 205
  New 'line' coverage: 210
  New 'line' coverage: 211
  New 'line' coverage: 214
  New 'line' coverage: 215
  New 'line' coverage: 264
  New 'line' coverage: 265
  New 'line' coverage: 266
  New 'line' coverage: 268

[+] AFL test case: id:000014,time:0,execs:0,orig:id:000014,src:000000,time:864,execs:2289,op:flip1,pos:3 (14 / 187), cycle: 0
    lines......: 11.7% (417 of 3576 lines)
    functions..: 14.0% (17 of 121 functions)
[+] AFL test case: id:000015,time:0,execs:0,orig:id:000015,src:000000,time:870,execs:2304,op:flip2,pos:0 (15 / 187), cycle: 0
    lines......: 11.7% (417 of 3576 lines)
    functions..: 14.0% (17 of 121 functions)
[+] AFL test case: id:000016,time:0,execs:0,orig:id:000016,src:000000,time:873,execs:2313,op:flip2,pos:0,+cov (16 / 187), cycle: 0
    lines......: 11.9% (425 of 3576 lines)
    functions..: 14.0% (17 of 121 functions)

    Coverage diff id:000015,time:0,execs:0,orig:id:000015,src:000000,time:870,execs:2304,op:flip2,pos:0 id:000016,time:0,execs:0,orig:id:000016,src:000000,time:873,execs:2313,op:flip2,pos:0,+cov
diff id:000015,time:0,execs:0,orig:id:000015,src:000000,time:870,execs:2304,op:flip2,pos:0 -> id:000016,time:0,execs:0,orig:id:000016,src:000000,time:873,execs:2313,op:flip2,pos:0,+cov
Src file: /home/shibo/syslogd/usr.sbin/syslogd-cov/privsep.c
  New 'line' coverage: 406
  New 'line' coverage: 407
  New 'line' coverage: 408
  New 'line' coverage: 409
  New 'line' coverage: 410
  New 'line' coverage: 415
  New 'line' coverage: 416
  New 'line' coverage: 418

[+] AFL test case: id:000017,time:0,execs:0,orig:id:000017,src:000000,time:878,execs:2325,op:flip2,pos:0,+cov (17 / 187), cycle: 0
    lines......: 11.9% (425 of 3576 lines)
    functions..: 14.0% (17 of 121 functions)
[+] AFL test case: id:000018,time:0,execs:0,orig:id:000018,src:000000,time:886,execs:2347,op:flip2,pos:3 (18 / 187), cycle: 0
    lines......: 11.9% (425 of 3576 lines)
    functions..: 14.0% (17 of 121 functions)
[+] AFL test case: id:000019,time:0,execs:0,orig:id:000019,src:000000,time:891,execs:2362,op:flip4,pos:0 (19 / 187), cycle: 0
    lines......: 11.9% (425 of 3576 lines)
    functions..: 14.0% (17 of 121 functions)
[+] AFL test case: id:000020,time:0,execs:0,orig:id:000020,src:000000,time:894,execs:2370,op:flip4,pos:0 (20 / 187), cycle: 0
    lines......: 11.9% (425 of 3576 lines)
    functions..: 14.0% (17 of 121 functions)
[+] AFL test case: id:000021,time:0,execs:0,orig:id:000021,src:000000,time:899,execs:2383,op:flip4,pos:1 (21 / 187), cycle: 0
    lines......: 11.9% (425 of 3576 lines)
    functions..: 14.0% (17 of 121 functions)
[+] AFL test case: id:000022,time:0,execs:0,orig:id:000022,src:000000,time:903,execs:2391,op:flip4,pos:1,+cov (22 / 187), cycle: 0
    lines......: 11.9% (426 of 3576 lines)
    functions..: 14.0% (17 of 121 functions)

    Coverage diff id:000021,time:0,execs:0,orig:id:000021,src:000000,time:899,execs:2383,op:flip4,pos:1 id:000022,time:0,execs:0,orig:id:000022,src:000000,time:903,execs:2391,op:flip4,pos:1,+cov
diff id:000021,time:0,execs:0,orig:id:000021,src:000000,time:899,execs:2383,op:flip4,pos:1 -> id:000022,time:0,execs:0,orig:id:000022,src:000000,time:903,execs:2391,op:flip4,pos:1,+cov
Src file: /home/shibo/syslogd/usr.sbin/syslogd-cov/privsep.c
  New 'line' coverage: 381

[+] AFL test case: id:000023,time:0,execs:0,orig:id:000023,src:000000,time:910,execs:2411,op:flip16,pos:0 (23 / 187), cycle: 0
    lines......: 11.9% (426 of 3576 lines)
    functions..: 14.0% (17 of 121 functions)
[+] AFL test case: id:000024,time:0,execs:0,orig:id:000024,src:000000,time:968,execs:2563,op:arith8,pos:3,val:+20 (24 / 187), cycle: 0
    lines......: 11.9% (426 of 3576 lines)
    functions..: 14.0% (17 of 121 functions)
[+] AFL test case: id:000025,time:0,execs:0,orig:id:000025,src:000000,time:988,execs:2618,op:int16,pos:0,val:-128,+cov (25 / 187), cycle: 0
    lines......: 11.9% (426 of 3576 lines)
    functions..: 14.0% (17 of 121 functions)
[+] AFL test case: id:000026,time:0,execs:0,orig:id:000026,src:000000,time:992,execs:2627,op:int16,pos:0,val:-1 (26 / 187), cycle: 0
    lines......: 11.9% (426 of 3576 lines)
    functions..: 14.0% (17 of 121 functions)
[+] AFL test case: id:000027,time:0,execs:0,orig:id:000027,src:000000,time:995,execs:2635,op:int16,pos:0,val:+0,+cov (27 / 187), cycle: 0
    lines......: 11.9% (426 of 3576 lines)
    functions..: 14.0% (17 of 121 functions)
[+] AFL test case: id:000028,time:0,execs:0,orig:id:000028,src:000000,time:1007,execs:2643,op:int16,pos:0,val:+1,+cov (28 / 187), cycle: 0
    lines......: 11.9% (426 of 3576 lines)
    functions..: 14.0% (17 of 121 functions)
[+] AFL test case: id:000029,time:0,execs:0,orig:id:000029,src:000000,time:1011,execs:2653,op:int16,pos:0,val:be:+32 (29 / 187), cycle: 0
    lines......: 11.9% (426 of 3576 lines)
    functions..: 14.0% (17 of 121 functions)
[+] AFL test case: id:000030,time:0,execs:0,orig:id:000030,src:000000,time:1016,execs:2666,op:int16,pos:0,val:be:+127 (30 / 187), cycle: 0
    lines......: 11.9% (426 of 3576 lines)
    functions..: 14.0% (17 of 121 functions)
[+] AFL test case: id:000031,time:0,execs:0,orig:id:000031,src:000000,time:1020,execs:2675,op:int16,pos:0,val:-129 (31 / 187), cycle: 0
    lines......: 11.9% (426 of 3576 lines)
    functions..: 14.0% (17 of 121 functions)
[+] AFL test case: id:000032,time:0,execs:0,orig:id:000032,src:000000,time:1024,execs:2686,op:int16,pos:0,val:+256 (32 / 187), cycle: 0
    lines......: 11.9% (426 of 3576 lines)
    functions..: 14.0% (17 of 121 functions)
[+] AFL test case: id:000033,time:0,execs:0,orig:id:000033,src:000000,time:1027,execs:2694,op:int16,pos:0,val:+512 (33 / 187), cycle: 0
    lines......: 11.9% (426 of 3576 lines)
    functions..: 14.0% (17 of 121 functions)
[+] AFL test case: id:000034,time:0,execs:0,orig:id:000034,src:000000,time:1032,execs:2705,op:int16,pos:0,val:+1024 (34 / 187), cycle: 0
    lines......: 11.9% (426 of 3576 lines)
    functions..: 14.0% (17 of 121 functions)
[+] AFL test case: id:000035,time:0,execs:0,orig:id:000035,src:000000,time:1043,execs:2735,op:int16,pos:1,val:+256 (35 / 187), cycle: 0
    lines......: 11.9% (426 of 3576 lines)
    functions..: 14.0% (17 of 121 functions)
[+] AFL test case: id:000036,time:0,execs:0,orig:id:000036,src:000000,time:1048,execs:2747,op:int16,pos:1,val:+1024 (36 / 187), cycle: 0
    lines......: 11.9% (426 of 3576 lines)
    functions..: 14.0% (17 of 121 functions)
[+] AFL test case: id:000037,time:0,execs:0,orig:id:000037,src:000000,time:1063,execs:2787,op:int32,pos:0,val:be:-128 (37 / 187), cycle: 0
    lines......: 11.9% (426 of 3576 lines)
    functions..: 14.0% (17 of 121 functions)
[+] AFL test case: id:000038,time:0,execs:0,orig:id:000038,src:000000,time:1067,execs:2798,op:int32,pos:0,val:be:+1 (38 / 187), cycle: 0
    lines......: 11.9% (426 of 3576 lines)
    functions..: 14.0% (17 of 121 functions)
[+] AFL test case: id:000039,time:0,execs:0,orig:id:000039,src:000000,time:1078,execs:2827,op:int32,pos:0,val:+1024 (39 / 187), cycle: 0
    lines......: 11.9% (426 of 3576 lines)
    functions..: 14.0% (17 of 121 functions)
[+] AFL test case: id:000040,time:0,execs:0,orig:id:000040,src:000000,time:1082,execs:2839,op:int32,pos:0,val:be:+32767 (40 / 187), cycle: 0
    lines......: 11.9% (426 of 3576 lines)
    functions..: 14.0% (17 of 121 functions)
[+] AFL test case: id:000041,time:0,execs:0,orig:id:000041,src:000000,time:1086,execs:2849,op:int32,pos:0,val:-32769,+cov (41 / 187), cycle: 0
    lines......: 11.9% (427 of 3576 lines)
    functions..: 14.0% (17 of 121 functions)

    Coverage diff id:000040,time:0,execs:0,orig:id:000040,src:000000,time:1082,execs:2839,op:int32,pos:0,val:be:+32767 id:000041,time:0,execs:0,orig:id:000041,src:000000,time:1086,execs:2849,op:int32,pos:0,val:-32769,+cov
diff id:000040,time:0,execs:0,orig:id:000040,src:000000,time:1082,execs:2839,op:int32,pos:0,val:be:+32767 -> id:000041,time:0,execs:0,orig:id:000041,src:000000,time:1086,execs:2849,op:int32,pos:0,val:-32769,+cov
Src file: /home/shibo/syslogd/usr.sbin/syslogd-cov/privsep.c
  New 'line' coverage: 668

[+] AFL test case: id:000042,time:0,execs:0,orig:id:000042,src:000000,time:1091,execs:2863,op:int32,pos:0,val:+100663045 (42 / 187), cycle: 0
    lines......: 11.9% (427 of 3576 lines)
    functions..: 14.0% (17 of 121 functions)
[+] AFL test case: id:000043,time:0,execs:0,orig:id:000043,src:000000,time:1130,execs:2966,op:ext_UO,pos:0 (43 / 187), cycle: 0
    lines......: 11.9% (427 of 3576 lines)
    functions..: 14.0% (17 of 121 functions)
[+] AFL test case: id:000044,time:0,execs:0,orig:id:000044,src:000000,time:1138,execs:2986,op:ext_UO,pos:0 (44 / 187), cycle: 0
    lines......: 11.9% (427 of 3576 lines)
    functions..: 14.0% (17 of 121 functions)
[+] AFL test case: id:000045,time:0,execs:0,orig:id:000045,src:000000,time:1148,execs:3013,op:ext_UO,pos:0 (45 / 187), cycle: 0
    lines......: 11.9% (427 of 3576 lines)
    functions..: 14.0% (17 of 121 functions)
[+] AFL test case: id:000046,time:0,execs:0,orig:id:000046,src:000000,time:1162,execs:3048,op:ext_UO,pos:1 (46 / 187), cycle: 0
    lines......: 11.9% (427 of 3576 lines)
    functions..: 14.0% (17 of 121 functions)
[+] AFL test case: id:000047,time:0,execs:0,orig:id:000047,src:000000,time:1171,execs:3071,op:ext_UO,pos:1 (47 / 187), cycle: 0
    lines......: 11.9% (427 of 3576 lines)
    functions..: 14.0% (17 of 121 functions)
[+] AFL test case: id:000048,time:0,execs:0,orig:id:000048,src:000000,time:1214,execs:3184,op:ext_UI,pos:0 (48 / 187), cycle: 0
    lines......: 11.9% (427 of 3576 lines)
    functions..: 14.0% (17 of 121 functions)
[+] AFL test case: id:000049,time:0,execs:0,orig:id:000049,src:000000,time:1222,execs:3205,op:ext_UI,pos:0 (49 / 187), cycle: 0
    lines......: 11.9% (427 of 3576 lines)
    functions..: 14.0% (17 of 121 functions)
[+] AFL test case: id:000050,time:0,execs:0,orig:id:000050,src:000000,time:1226,execs:3214,op:ext_UI,pos:0 (50 / 187), cycle: 0
    lines......: 11.9% (427 of 3576 lines)
    functions..: 14.0% (17 of 121 functions)
[+] AFL test case: id:000051,time:0,execs:0,orig:id:000051,src:000000,time:1235,execs:3238,op:ext_UI,pos:0 (51 / 187), cycle: 0
    lines......: 11.9% (427 of 3576 lines)
    functions..: 14.0% (17 of 121 functions)
[+] AFL test case: id:000052,time:0,execs:0,orig:id:000052,src:000000,time:1239,execs:3247,op:ext_UI,pos:0 (52 / 187), cycle: 0
    lines......: 11.9% (427 of 3576 lines)
    functions..: 14.0% (17 of 121 functions)
[+] AFL test case: id:000053,time:0,execs:0,orig:id:000053,src:000000,time:1244,execs:3259,op:ext_UI,pos:0 (53 / 187), cycle: 0
    lines......: 11.9% (427 of 3576 lines)
    functions..: 14.0% (17 of 121 functions)
[+] AFL test case: id:000054,time:0,execs:0,orig:id:000054,src:000000,time:1250,execs:3275,op:ext_UI,pos:0 (54 / 187), cycle: 0
    lines......: 11.9% (427 of 3576 lines)
    functions..: 14.0% (17 of 121 functions)
[+] AFL test case: id:000055,time:0,execs:0,orig:id:000055,src:000000+000041,time:1498,execs:3925,op:splice,rep:5 (55 / 187), cycle: 0
    lines......: 11.9% (427 of 3576 lines)
    functions..: 14.0% (17 of 121 functions)
[+] AFL test case: id:000056,time:0,execs:0,orig:id:000056,src:000028,time:2240,execs:5985,op:quick,pos:1 (56 / 187), cycle: 0
    lines......: 11.9% (427 of 3576 lines)
    functions..: 14.0% (17 of 121 functions)
[+] AFL test case: id:000057,time:0,execs:0,orig:id:000057,src:000028,time:2289,execs:6123,op:flip1,pos:1 (57 / 187), cycle: 0
    lines......: 11.9% (427 of 3576 lines)
    functions..: 14.0% (17 of 121 functions)
[+] AFL test case: id:000058,time:0,execs:0,orig:id:000058,src:000028,time:2292,execs:6132,op:flip1,pos:1 (58 / 187), cycle: 0
    lines......: 11.9% (427 of 3576 lines)
    functions..: 14.0% (17 of 121 functions)
[+] AFL test case: id:000059,time:0,execs:0,orig:id:000059,src:000028,time:2296,execs:6141,op:flip1,pos:1 (59 / 187), cycle: 0
    lines......: 11.9% (427 of 3576 lines)
    functions..: 14.0% (17 of 121 functions)
[+] AFL test case: id:000060,time:0,execs:0,orig:id:000060,src:000028,time:2301,execs:6153,op:flip2,pos:1 (60 / 187), cycle: 0
    lines......: 11.9% (427 of 3576 lines)
    functions..: 14.0% (17 of 121 functions)
[+] AFL test case: id:000061,time:0,execs:0,orig:id:000061,src:000028,time:2305,execs:6163,op:flip2,pos:1 (61 / 187), cycle: 0
    lines......: 11.9% (427 of 3576 lines)
    functions..: 14.0% (17 of 121 functions)
[+] AFL test case: id:000062,time:0,execs:0,orig:id:000062,src:000028,time:2310,execs:6177,op:flip4,pos:1 (62 / 187), cycle: 0
    lines......: 11.9% (427 of 3576 lines)
    functions..: 14.0% (17 of 121 functions)
[+] AFL test case: id:000063,time:0,execs:0,orig:id:000063,src:000028,time:2327,execs:6219,op:arith8,pos:1,val:+21,+cov (63 / 187), cycle: 0
    lines......: 12.5% (446 of 3576 lines)
    functions..: 14.0% (17 of 121 functions)

    Coverage diff id:000062,time:0,execs:0,orig:id:000062,src:000028,time:2310,execs:6177,op:flip4,pos:1 id:000063,time:0,execs:0,orig:id:000063,src:000028,time:2327,execs:6219,op:arith8,pos:1,val:+21,+cov
diff id:000062,time:0,execs:0,orig:id:000062,src:000028,time:2310,execs:6177,op:flip4,pos:1 -> id:000063,time:0,execs:0,orig:id:000063,src:000028,time:2327,execs:6219,op:arith8,pos:1,val:+21,+cov
Src file: /home/shibo/syslogd/usr.sbin/syslogd-cov/privsep.c
  New 'line' coverage: 430
  New 'line' coverage: 432
  New 'line' coverage: 433
  New 'line' coverage: 434
  New 'line' coverage: 436
  New 'line' coverage: 437
  New 'line' coverage: 439
  New 'line' coverage: 440
  New 'line' coverage: 441
  New 'line' coverage: 443
  New 'line' coverage: 444
  New 'line' coverage: 446
  New 'line' coverage: 447
  New 'line' coverage: 448
  New 'line' coverage: 450
  New 'line' coverage: 451
  New 'line' coverage: 453
  New 'line' coverage: 454
  New 'line' coverage: 471

[+] AFL test case: id:000064,time:0,execs:0,orig:id:000064,src:000028,time:2356,execs:6294,op:int16,pos:1,val:+32 (64 / 187), cycle: 0
    lines......: 12.5% (446 of 3576 lines)
    functions..: 14.0% (17 of 121 functions)
[+] AFL test case: id:000065,time:0,execs:0,orig:id:000065,src:000028,time:2383,execs:6365,op:ext_UO,pos:1 (65 / 187), cycle: 0
    lines......: 12.5% (446 of 3576 lines)
    functions..: 14.0% (17 of 121 functions)
[+] AFL test case: id:000066,time:0,execs:0,orig:id:000066,src:000028,time:2408,execs:6429,op:ext_UI,pos:1 (66 / 187), cycle: 0
    lines......: 12.5% (446 of 3576 lines)
    functions..: 14.0% (17 of 121 functions)
[+] AFL test case: id:000067,time:0,execs:0,orig:id:000067,src:000028,time:2414,execs:6445,op:ext_UI,pos:1 (67 / 187), cycle: 0
    lines......: 12.5% (446 of 3576 lines)
    functions..: 14.0% (17 of 121 functions)
[+] AFL test case: id:000068,time:0,execs:0,orig:id:000068,src:000028,time:2426,execs:6476,op:ext_UI,pos:1 (68 / 187), cycle: 0
    lines......: 12.5% (446 of 3576 lines)
    functions..: 14.0% (17 of 121 functions)
[+] AFL test case: id:000069,time:0,execs:0,orig:id:000069,src:000066+000031,time:3569,execs:9465,op:splice,rep:7 (69 / 187), cycle: 0
    lines......: 12.5% (446 of 3576 lines)
    functions..: 14.0% (17 of 121 functions)
[+] AFL test case: id:000070,time:0,execs:0,orig:id:000070,src:000010,time:6170,execs:16439,op:quick,pos:12,+cov (70 / 187), cycle: 0
    lines......: 12.5% (446 of 3576 lines)
    functions..: 14.0% (17 of 121 functions)
[+] AFL test case: id:000071,time:0,execs:0,orig:id:000071,src:000039,time:8100,execs:21497,op:quick,pos:45,+cov (71 / 187), cycle: 0
    lines......: 12.5% (446 of 3576 lines)
    functions..: 14.0% (17 of 121 functions)
[+] AFL test case: id:000072,time:0,execs:0,orig:id:000072,src:000039,time:8323,execs:22059,op:havoc,rep:12,+cov (72 / 187), cycle: 0
    lines......: 12.5% (446 of 3576 lines)
    functions..: 14.0% (17 of 121 functions)
[+] AFL test case: id:000073,time:0,execs:0,orig:id:000073,src:000039+000011,time:8600,execs:22756,op:splice,rep:1 (73 / 187), cycle: 0
    lines......: 12.5% (446 of 3576 lines)
    functions..: 14.0% (17 of 121 functions)
[+] AFL test case: id:000074,time:0,execs:0,orig:id:000074,src:000019,time:10323,execs:27255,op:quick,pos:23,+cov (74 / 187), cycle: 0
    lines......: 12.5% (446 of 3576 lines)
    functions..: 14.0% (17 of 121 functions)
[+] AFL test case: id:000075,time:0,execs:0,orig:id:000075,src:000019,time:10332,execs:27279,op:quick,pos:40,+cov (75 / 187), cycle: 0
    lines......: 12.5% (446 of 3576 lines)
    functions..: 14.0% (17 of 121 functions)
[+] AFL test case: id:000076,time:0,execs:0,orig:id:000076,src:000019,time:10671,execs:28189,op:havoc,rep:1 (76 / 187), cycle: 0
    lines......: 12.5% (446 of 3576 lines)
    functions..: 14.0% (17 of 121 functions)
[+] AFL test case: id:000077,time:0,execs:0,orig:id:000077,src:000075+000014,time:11765,execs:31122,op:splice,rep:2 (77 / 187), cycle: 0
    lines......: 12.5% (446 of 3576 lines)
    functions..: 14.0% (17 of 121 functions)
[+] AFL test case: id:000078,time:0,execs:0,orig:id:000078,src:000075+000039,time:11793,execs:31167,op:splice,rep:11 (78 / 187), cycle: 0
    lines......: 12.5% (446 of 3576 lines)
    functions..: 14.0% (17 of 121 functions)
[+] AFL test case: id:000079,time:0,execs:0,orig:id:000079,src:000078+000041,time:12668,execs:33536,op:splice,rep:4 (79 / 187), cycle: 0
    lines......: 12.5% (446 of 3576 lines)
    functions..: 14.0% (17 of 121 functions)
[+] AFL test case: id:000080,time:0,execs:0,orig:id:000080,src:000043+000004,time:14510,execs:38369,op:splice,rep:2 (80 / 187), cycle: 0
    lines......: 12.5% (446 of 3576 lines)
    functions..: 14.0% (17 of 121 functions)
[+] AFL test case: id:000081,time:0,execs:0,orig:id:000081,src:000071,time:17241,execs:45493,op:quick,pos:63 (81 / 187), cycle: 0
    lines......: 12.5% (446 of 3576 lines)
    functions..: 14.0% (17 of 121 functions)
[+] AFL test case: id:000082,time:0,execs:0,orig:id:000082,src:000071,time:17502,execs:46148,op:havoc,rep:16,+cov (82 / 187), cycle: 0
    lines......: 12.5% (446 of 3576 lines)
    functions..: 14.0% (17 of 121 functions)
[+] AFL test case: id:000083,time:0,execs:0,orig:id:000083,src:000071,time:17710,execs:46665,op:havoc,rep:3,+cov (83 / 187), cycle: 0
    lines......: 12.5% (446 of 3576 lines)
    functions..: 14.0% (17 of 121 functions)
[+] AFL test case: id:000084,time:0,execs:0,orig:id:000084,src:000071,time:17918,execs:47183,op:havoc,rep:14 (84 / 187), cycle: 0
    lines......: 12.5% (446 of 3576 lines)
    functions..: 14.0% (17 of 121 functions)
[+] AFL test case: id:000085,time:0,execs:0,orig:id:000085,src:000071,time:17975,execs:47328,op:havoc,rep:11 (85 / 187), cycle: 0
    lines......: 12.5% (446 of 3576 lines)
    functions..: 14.0% (17 of 121 functions)
[+] AFL test case: id:000086,time:0,execs:0,orig:id:000086,src:000071,time:18213,execs:47920,op:havoc,rep:12 (86 / 187), cycle: 0
    lines......: 12.5% (446 of 3576 lines)
    functions..: 14.0% (17 of 121 functions)
[+] AFL test case: id:000087,time:0,execs:0,orig:id:000087,src:000071,time:18532,execs:48713,op:havoc,rep:6 (87 / 187), cycle: 0
    lines......: 12.5% (446 of 3576 lines)
    functions..: 14.0% (17 of 121 functions)
[+] AFL test case: id:000088,time:0,execs:0,orig:id:000088,src:000071,time:18648,execs:49004,op:havoc,rep:8 (88 / 187), cycle: 0
    lines......: 12.5% (446 of 3576 lines)
    functions..: 14.0% (17 of 121 functions)
[+] AFL test case: id:000089,time:0,execs:0,orig:id:000089,src:000071,time:18667,execs:49050,op:havoc,rep:11,+cov (89 / 187), cycle: 0
    lines......: 12.5% (447 of 3576 lines)
    functions..: 14.0% (17 of 121 functions)

    Coverage diff id:000088,time:0,execs:0,orig:id:000088,src:000071,time:18648,execs:49004,op:havoc,rep:8 id:000089,time:0,execs:0,orig:id:000089,src:000071,time:18667,execs:49050,op:havoc,rep:11,+cov
diff id:000088,time:0,execs:0,orig:id:000088,src:000071,time:18648,execs:49004,op:havoc,rep:8 -> id:000089,time:0,execs:0,orig:id:000089,src:000071,time:18667,execs:49050,op:havoc,rep:11,+cov
Src file: /home/shibo/syslogd/usr.sbin/syslogd-cov/privsep.c
  New 'line' coverage: 627

[+] AFL test case: id:000090,time:0,execs:0,orig:id:000090,src:000071,time:19037,execs:49977,op:havoc,rep:2 (90 / 187), cycle: 0
    lines......: 12.5% (447 of 3576 lines)
    functions..: 14.0% (17 of 121 functions)
[+] AFL test case: id:000091,time:0,execs:0,orig:id:000091,src:000071,time:19441,execs:50991,op:havoc,rep:3 (91 / 187), cycle: 0
    lines......: 12.5% (447 of 3576 lines)
    functions..: 14.0% (17 of 121 functions)
[+] AFL test case: id:000092,time:0,execs:0,orig:id:000092,src:000071,time:19734,execs:51728,op:havoc,rep:13 (92 / 187), cycle: 0
    lines......: 12.5% (447 of 3576 lines)
    functions..: 14.0% (17 of 121 functions)
[+] AFL test case: id:000093,time:0,execs:0,orig:id:000093,src:000071,time:19820,execs:51946,op:havoc,rep:9 (93 / 187), cycle: 0
    lines......: 12.5% (447 of 3576 lines)
    functions..: 14.0% (17 of 121 functions)
[+] AFL test case: id:000094,time:0,execs:0,orig:id:000094,src:000071,time:19854,execs:52031,op:havoc,rep:14 (94 / 187), cycle: 0
    lines......: 12.5% (447 of 3576 lines)
    functions..: 14.0% (17 of 121 functions)
[+] AFL test case: id:000095,time:0,execs:0,orig:id:000095,src:000071,time:20543,execs:53766,op:havoc,rep:5 (95 / 187), cycle: 0
    lines......: 12.5% (447 of 3576 lines)
    functions..: 14.0% (17 of 121 functions)
[+] AFL test case: id:000096,time:0,execs:0,orig:id:000096,src:000071,time:21464,execs:56100,op:havoc,rep:16,+cov (96 / 187), cycle: 0
    lines......: 12.8% (457 of 3576 lines)
    functions..: 14.0% (17 of 121 functions)

    Coverage diff id:000095,time:0,execs:0,orig:id:000095,src:000071,time:20543,execs:53766,op:havoc,rep:5 id:000096,time:0,execs:0,orig:id:000096,src:000071,time:21464,execs:56100,op:havoc,rep:16,+cov
diff id:000095,time:0,execs:0,orig:id:000095,src:000071,time:20543,execs:53766,op:havoc,rep:5 -> id:000096,time:0,execs:0,orig:id:000096,src:000071,time:21464,execs:56100,op:havoc,rep:16,+cov
Src file: /home/shibo/syslogd/usr.sbin/syslogd-cov/privsep.c
  New 'line' coverage: 559
  New 'line' coverage: 561
  New 'line' coverage: 564
  New 'line' coverage: 566
  New 'line' coverage: 572
  New 'line' coverage: 576
  New 'line' coverage: 577
  New 'line' coverage: 582
  New 'line' coverage: 589
  New 'line' coverage: 590

[+] AFL test case: id:000097,time:0,execs:0,orig:id:000097,src:000071,time:22565,execs:58868,op:havoc,rep:14 (97 / 187), cycle: 0
    lines......: 12.8% (457 of 3576 lines)
    functions..: 14.0% (17 of 121 functions)
[+] AFL test case: id:000098,time:0,execs:0,orig:id:000098,src:000071,time:22759,execs:59365,op:havoc,rep:15,+cov (98 / 187), cycle: 0
    lines......: 12.8% (458 of 3576 lines)
    functions..: 14.0% (17 of 121 functions)

    Coverage diff id:000097,time:0,execs:0,orig:id:000097,src:000071,time:22565,execs:58868,op:havoc,rep:14 id:000098,time:0,execs:0,orig:id:000098,src:000071,time:22759,execs:59365,op:havoc,rep:15,+cov
diff id:000097,time:0,execs:0,orig:id:000097,src:000071,time:22565,execs:58868,op:havoc,rep:14 -> id:000098,time:0,execs:0,orig:id:000098,src:000071,time:22759,execs:59365,op:havoc,rep:15,+cov
Src file: /home/shibo/syslogd/usr.sbin/syslogd-cov/privsep.c
  New 'line' coverage: 652

[+] AFL test case: id:000099,time:0,execs:0,orig:id:000099,src:000071,time:23176,execs:60428,op:havoc,rep:9,+cov (99 / 187), cycle: 0
    lines......: 12.8% (458 of 3576 lines)
    functions..: 14.0% (17 of 121 functions)
[+] AFL test case: id:000100,time:0,execs:0,orig:id:000100,src:000071,time:24873,execs:64698,op:havoc,rep:7 (100 / 187), cycle: 0
    lines......: 12.8% (458 of 3576 lines)
    functions..: 14.0% (17 of 121 functions)
[+] AFL test case: id:000101,time:0,execs:0,orig:id:000101,src:000071,time:25198,execs:65530,op:havoc,rep:16 (101 / 187), cycle: 0
    lines......: 12.8% (458 of 3576 lines)
    functions..: 14.0% (17 of 121 functions)
[+] AFL test case: id:000102,time:0,execs:0,orig:id:000102,src:000071,time:26524,execs:68893,op:havoc,rep:15,+cov (102 / 187), cycle: 0
    lines......: 12.9% (463 of 3576 lines)
    functions..: 14.0% (17 of 121 functions)

    Coverage diff id:000101,time:0,execs:0,orig:id:000101,src:000071,time:25198,execs:65530,op:havoc,rep:16 id:000102,time:0,execs:0,orig:id:000102,src:000071,time:26524,execs:68893,op:havoc,rep:15,+cov
diff id:000101,time:0,execs:0,orig:id:000101,src:000071,time:25198,execs:65530,op:havoc,rep:16 -> id:000102,time:0,execs:0,orig:id:000102,src:000071,time:26524,execs:68893,op:havoc,rep:15,+cov
Src file: /home/shibo/syslogd/usr.sbin/syslogd-cov/privsep.c
  New 'line' coverage: 456
  New 'line' coverage: 457
  New 'line' coverage: 473
  New 'line' coverage: 476
  New 'line' coverage: 480

[+] AFL test case: id:000103,time:0,execs:0,orig:id:000103,src:000071,time:26820,execs:69649,op:havoc,rep:9,+cov (103 / 187), cycle: 0
    lines......: 12.9% (463 of 3576 lines)
    functions..: 14.0% (17 of 121 functions)
[+] AFL test case: id:000104,time:0,execs:0,orig:id:000104,src:000071,time:29885,execs:77457,op:havoc,rep:16 (104 / 187), cycle: 0
    lines......: 12.9% (463 of 3576 lines)
    functions..: 14.0% (17 of 121 functions)
[+] AFL test case: id:000105,time:0,execs:0,orig:id:000105,src:000071,time:30300,execs:78524,op:havoc,rep:16,+cov (105 / 187), cycle: 0
    lines......: 12.9% (463 of 3576 lines)
    functions..: 14.0% (17 of 121 functions)
[+] AFL test case: id:000106,time:0,execs:0,orig:id:000106,src:000089,time:44549,execs:114989,op:havoc,rep:6,+cov (106 / 187), cycle: 0
    lines......: 12.9% (463 of 3576 lines)
    functions..: 14.0% (17 of 121 functions)
[+] AFL test case: id:000107,time:0,execs:0,orig:id:000107,src:000089,time:44552,execs:114998,op:havoc,rep:6,+cov (107 / 187), cycle: 0
    lines......: 12.9% (463 of 3576 lines)
    functions..: 14.0% (17 of 121 functions)
[+] AFL test case: id:000108,time:0,execs:0,orig:id:000108,src:000089,time:44588,execs:115089,op:havoc,rep:8 (108 / 187), cycle: 0
    lines......: 12.9% (463 of 3576 lines)
    functions..: 14.0% (17 of 121 functions)
[+] AFL test case: id:000109,time:0,execs:0,orig:id:000109,src:000089,time:44665,execs:115284,op:havoc,rep:7 (109 / 187), cycle: 0
    lines......: 12.9% (463 of 3576 lines)
    functions..: 14.0% (17 of 121 functions)
[+] AFL test case: id:000110,time:0,execs:0,orig:id:000110,src:000089,time:44874,execs:115812,op:havoc,rep:7 (110 / 187), cycle: 0
    lines......: 12.9% (463 of 3576 lines)
    functions..: 14.0% (17 of 121 functions)
[+] AFL test case: id:000111,time:0,execs:0,orig:id:000111,src:000089,time:44992,execs:116114,op:havoc,rep:6 (111 / 187), cycle: 0
    lines......: 12.9% (463 of 3576 lines)
    functions..: 14.0% (17 of 121 functions)
[+] AFL test case: id:000112,time:0,execs:0,orig:id:000112,src:000089,time:45715,execs:117942,op:havoc,rep:7 (112 / 187), cycle: 0
    lines......: 12.9% (463 of 3576 lines)
    functions..: 14.0% (17 of 121 functions)
[+] AFL test case: id:000113,time:0,execs:0,orig:id:000113,src:000107,time:51655,execs:132898,op:havoc,rep:13 (113 / 187), cycle: 0
    lines......: 12.9% (463 of 3576 lines)
    functions..: 14.0% (17 of 121 functions)
[+] AFL test case: id:000114,time:0,execs:0,orig:id:000114,src:000096,time:56030,execs:138429,op:quick,pos:6,+cov (114 / 187), cycle: 0
    lines......: 13.0% (464 of 3576 lines)
    functions..: 14.0% (17 of 121 functions)

    Coverage diff id:000113,time:0,execs:0,orig:id:000113,src:000107,time:51655,execs:132898,op:havoc,rep:13 id:000114,time:0,execs:0,orig:id:000114,src:000096,time:56030,execs:138429,op:quick,pos:6,+cov
diff id:000113,time:0,execs:0,orig:id:000113,src:000107,time:51655,execs:132898,op:havoc,rep:13 -> id:000114,time:0,execs:0,orig:id:000114,src:000096,time:56030,execs:138429,op:quick,pos:6,+cov
Src file: /home/shibo/syslogd/usr.sbin/syslogd-cov/privsep.c
  New 'line' coverage: 543

[+] AFL test case: id:000115,time:0,execs:0,orig:id:000115,src:000098,time:58559,execs:143583,op:quick,pos:89 (115 / 187), cycle: 0
    lines......: 13.0% (464 of 3576 lines)
    functions..: 14.0% (17 of 121 functions)
[+] AFL test case: id:000116,time:0,execs:0,orig:id:000116,src:000098,time:58938,execs:144543,op:havoc,rep:10 (116 / 187), cycle: 0
    lines......: 13.0% (464 of 3576 lines)
    functions..: 14.0% (17 of 121 functions)
[+] AFL test case: id:000117,time:0,execs:0,orig:id:000117,src:000110+000071,time:63706,execs:156861,op:splice,rep:2 (117 / 187), cycle: 0
    lines......: 13.0% (464 of 3576 lines)
    functions..: 14.0% (17 of 121 functions)
[+] AFL test case: id:000118,time:0,execs:0,orig:id:000118,src:000051+000085,time:69966,execs:172962,op:splice,rep:2 (118 / 187), cycle: 0
    lines......: 13.0% (464 of 3576 lines)
    functions..: 14.0% (17 of 121 functions)
[+] AFL test case: id:000119,time:0,execs:0,orig:id:000119,src:000083+000070,time:75331,execs:186024,op:splice,rep:1 (119 / 187), cycle: 0
    lines......: 13.0% (464 of 3576 lines)
    functions..: 14.0% (17 of 121 functions)
[+] AFL test case: id:000120,time:0,execs:0,orig:id:000120,src:000108,time:77241,execs:190951,op:havoc,rep:15 (120 / 187), cycle: 0
    lines......: 13.0% (464 of 3576 lines)
    functions..: 14.0% (17 of 121 functions)
[+] AFL test case: id:000121,time:0,execs:0,orig:id:000121,src:000108+000067,time:77448,execs:191481,op:splice,rep:16 (121 / 187), cycle: 0
    lines......: 13.0% (464 of 3576 lines)
    functions..: 14.0% (17 of 121 functions)
[+] AFL test case: id:000122,time:0,execs:0,orig:id:000122,src:000120+000032,time:78328,execs:193712,op:splice,rep:2 (122 / 187), cycle: 0
    lines......: 13.0% (464 of 3576 lines)
    functions..: 14.0% (17 of 121 functions)
[+] AFL test case: id:000123,time:0,execs:0,orig:id:000123,src:000043,time:83581,execs:207238,op:havoc,rep:8 (123 / 187), cycle: 0
    lines......: 13.0% (464 of 3576 lines)
    functions..: 14.0% (17 of 121 functions)
[+] AFL test case: id:000124,time:0,execs:0,orig:id:000124,src:000116,time:84967,execs:210761,op:havoc,rep:10 (124 / 187), cycle: 0
    lines......: 13.0% (464 of 3576 lines)
    functions..: 14.0% (17 of 121 functions)
[+] AFL test case: id:000125,time:0,execs:0,orig:id:000125,src:000116,time:85053,execs:210987,op:havoc,rep:16 (125 / 187), cycle: 0
    lines......: 13.0% (464 of 3576 lines)
    functions..: 14.0% (17 of 121 functions)
[+] AFL test case: id:000126,time:0,execs:0,orig:id:000126,src:000081,time:88481,execs:219782,op:havoc,rep:7 (126 / 187), cycle: 0
    lines......: 13.0% (464 of 3576 lines)
    functions..: 14.0% (17 of 121 functions)
[+] AFL test case: id:000127,time:0,execs:0,orig:id:000127,src:000073,time:93125,execs:231861,op:havoc,rep:1 (127 / 187), cycle: 0
    lines......: 13.0% (464 of 3576 lines)
    functions..: 14.0% (17 of 121 functions)
[+] AFL test case: id:000128,time:0,execs:0,orig:id:000128,src:000063+000068,time:98216,execs:245206,op:splice,rep:8 (128 / 187), cycle: 0
    lines......: 13.0% (464 of 3576 lines)
    functions..: 14.0% (17 of 121 functions)
[+] AFL test case: id:000129,time:0,execs:0,orig:id:000129,src:000087+000112,time:106307,execs:265357,op:splice,rep:5 (129 / 187), cycle: 0
    lines......: 13.0% (464 of 3576 lines)
    functions..: 14.0% (17 of 121 functions)
[+] AFL test case: id:000130,time:0,execs:0,orig:id:000130,src:000110+000023,time:110716,execs:276902,op:splice,rep:16 (130 / 187), cycle: 0
    lines......: 13.0% (464 of 3576 lines)
    functions..: 14.0% (17 of 121 functions)
[+] AFL test case: id:000131,time:0,execs:0,orig:id:000131,src:000111+000114,time:122170,execs:305719,op:splice,rep:4 (131 / 187), cycle: 0
    lines......: 13.0% (464 of 3576 lines)
    functions..: 14.0% (17 of 121 functions)
[+] AFL test case: id:000132,time:0,execs:0,orig:id:000132,src:000126,time:130080,execs:326498,op:havoc,rep:6 (132 / 187), cycle: 0
    lines......: 13.0% (464 of 3576 lines)
    functions..: 14.0% (17 of 121 functions)
[+] AFL test case: id:000133,time:0,execs:0,orig:id:000133,src:000126+000012,time:167710,execs:422879,op:splice,rep:13 (133 / 187), cycle: 0
    lines......: 13.0% (464 of 3576 lines)
    functions..: 14.0% (17 of 121 functions)
[+] AFL test case: id:000134,time:0,execs:0,orig:id:000134,src:000092+000081,time:177112,execs:445476,op:splice,rep:3 (134 / 187), cycle: 0
    lines......: 13.0% (464 of 3576 lines)
    functions..: 14.0% (17 of 121 functions)
[+] AFL test case: id:000135,time:0,execs:0,orig:id:000135,src:000133,time:180497,execs:454247,op:havoc,rep:4 (135 / 187), cycle: 0
    lines......: 13.0% (464 of 3576 lines)
    functions..: 14.0% (17 of 121 functions)
[+] AFL test case: id:000136,time:0,execs:0,orig:id:000136,src:000074,time:182734,execs:460010,op:havoc,rep:16 (136 / 187), cycle: 0
    lines......: 13.0% (464 of 3576 lines)
    functions..: 14.0% (17 of 121 functions)
[+] AFL test case: id:000137,time:0,execs:0,orig:id:000137,src:000136,time:183623,execs:462379,op:havoc,rep:10 (137 / 187), cycle: 0
    lines......: 13.0% (464 of 3576 lines)
    functions..: 14.0% (17 of 121 functions)
[+] AFL test case: id:000138,time:0,execs:0,orig:id:000138,src:000136+000098,time:233099,execs:581847,op:splice,rep:9 (138 / 187), cycle: 0
    lines......: 13.0% (464 of 3576 lines)
    functions..: 14.0% (17 of 121 functions)
[+] AFL test case: id:000139,time:0,execs:0,orig:id:000139,src:000096+000077,time:296354,execs:739668,op:splice,rep:16,+cov (139 / 187), cycle: 0
    lines......: 13.0% (465 of 3576 lines)
    functions..: 14.0% (17 of 121 functions)

    Coverage diff id:000138,time:0,execs:0,orig:id:000138,src:000136+000098,time:233099,execs:581847,op:splice,rep:9 id:000139,time:0,execs:0,orig:id:000139,src:000096+000077,time:296354,execs:739668,op:splice,rep:16,+cov
diff id:000138,time:0,execs:0,orig:id:000138,src:000136+000098,time:233099,execs:581847,op:splice,rep:9 -> id:000139,time:0,execs:0,orig:id:000139,src:000096+000077,time:296354,execs:739668,op:splice,rep:16,+cov
Src file: /home/shibo/syslogd/usr.sbin/syslogd-cov/privsep.c
  New 'line' coverage: 562

[+] AFL test case: id:000140,time:0,execs:0,orig:id:000140,src:000120+000135,time:322106,execs:801620,op:splice,rep:8 (140 / 187), cycle: 0
    lines......: 13.0% (465 of 3576 lines)
    functions..: 14.0% (17 of 121 functions)
[+] AFL test case: id:000141,time:0,execs:0,orig:id:000141,src:000136,time:345428,execs:858992,op:havoc,rep:7 (141 / 187), cycle: 0
    lines......: 13.0% (465 of 3576 lines)
    functions..: 14.0% (17 of 121 functions)
[+] AFL test case: id:000142,time:0,execs:0,orig:id:000142,src:000011+000001,time:410820,execs:1021680,op:splice,rep:9 (142 / 187), cycle: 0
    lines......: 13.0% (465 of 3576 lines)
    functions..: 14.0% (17 of 121 functions)
[+] AFL test case: id:000143,time:0,execs:0,orig:id:000143,src:000116+000135,time:567835,execs:1400659,op:splice,rep:29 (143 / 187), cycle: 0
    lines......: 13.0% (465 of 3576 lines)
    functions..: 14.0% (17 of 121 functions)
[+] AFL test case: id:000144,time:0,execs:0,orig:id:000144,src:000120,time:613336,execs:1511753,op:havoc,rep:61 (144 / 187), cycle: 0
    lines......: 13.0% (465 of 3576 lines)
    functions..: 14.0% (17 of 121 functions)
[+] AFL test case: id:000145,time:0,execs:0,orig:id:000145,src:000136+000130,time:615351,execs:1516951,op:splice,rep:6 (145 / 187), cycle: 0
    lines......: 13.0% (465 of 3576 lines)
    functions..: 14.0% (17 of 121 functions)
[+] AFL test case: id:000146,time:0,execs:0,orig:id:000146,src:000143,time:635202,execs:1565152,op:havoc,rep:52 (146 / 187), cycle: 0
    lines......: 13.0% (465 of 3576 lines)
    functions..: 14.0% (17 of 121 functions)
[+] AFL test case: id:000147,time:0,execs:0,orig:id:000147,src:000126+000129,time:685368,execs:1690923,op:splice,rep:40 (147 / 187), cycle: 0
    lines......: 13.0% (465 of 3576 lines)
    functions..: 14.0% (17 of 121 functions)
[+] AFL test case: id:000148,time:0,execs:0,orig:id:000148,src:000147+000092,time:691237,execs:1706095,op:splice,rep:18 (148 / 187), cycle: 0
    lines......: 13.0% (465 of 3576 lines)
    functions..: 14.0% (17 of 121 functions)
[+] AFL test case: id:000149,time:0,execs:0,orig:id:000149,src:000136,time:937230,execs:2283330,op:havoc,rep:2 (149 / 187), cycle: 0
    lines......: 13.0% (465 of 3576 lines)
    functions..: 14.0% (17 of 121 functions)
[+] AFL test case: id:000150,time:0,execs:0,orig:id:000150,src:000149,time:945882,execs:2304048,op:havoc,rep:31 (150 / 187), cycle: 0
    lines......: 13.0% (465 of 3576 lines)
    functions..: 14.0% (17 of 121 functions)
[+] AFL test case: id:000151,time:0,execs:0,orig:id:000151,src:000149,time:945920,execs:2304141,op:havoc,rep:63 (151 / 187), cycle: 0
    lines......: 13.0% (465 of 3576 lines)
    functions..: 14.0% (17 of 121 functions)
[+] AFL test case: id:000152,time:0,execs:0,orig:id:000152,src:000149+000030,time:947752,execs:2308712,op:splice,rep:12 (152 / 187), cycle: 0
    lines......: 13.0% (465 of 3576 lines)
    functions..: 14.0% (17 of 121 functions)
[+] AFL test case: id:000153,time:0,execs:0,orig:id:000153,src:000151+000017,time:949753,execs:2313781,op:splice,rep:6 (153 / 187), cycle: 0
    lines......: 13.0% (465 of 3576 lines)
    functions..: 14.0% (17 of 121 functions)
[+] AFL test case: id:000154,time:0,execs:0,orig:id:000154,src:000151,time:1031460,execs:2510020,op:havoc,rep:38 (154 / 187), cycle: 0
    lines......: 13.0% (465 of 3576 lines)
    functions..: 14.0% (17 of 121 functions)
[+] AFL test case: id:000155,time:0,execs:0,orig:id:000155,src:000154,time:1050762,execs:2553502,op:havoc,rep:21 (155 / 187), cycle: 0
    lines......: 13.0% (465 of 3576 lines)
    functions..: 14.0% (17 of 121 functions)
[+] AFL test case: id:000156,time:0,execs:0,orig:id:000156,src:000154,time:1051185,execs:2554550,op:havoc,rep:15 (156 / 187), cycle: 0
    lines......: 13.0% (465 of 3576 lines)
    functions..: 14.0% (17 of 121 functions)
[+] AFL test case: id:000157,time:0,execs:0,orig:id:000157,src:000124+000088,time:1066092,execs:2589604,op:splice,rep:17 (157 / 187), cycle: 0
    lines......: 13.0% (465 of 3576 lines)
    functions..: 14.0% (17 of 121 functions)
[+] AFL test case: id:000158,time:0,execs:0,orig:id:000158,src:000126+000058,time:1152079,execs:2794048,op:splice,rep:37,+cov (158 / 187), cycle: 0
    lines......: 13.0% (466 of 3576 lines)
    functions..: 14.0% (17 of 121 functions)

    Coverage diff id:000157,time:0,execs:0,orig:id:000157,src:000124+000088,time:1066092,execs:2589604,op:splice,rep:17 id:000158,time:0,execs:0,orig:id:000158,src:000126+000058,time:1152079,execs:2794048,op:splice,rep:37,+cov
diff id:000157,time:0,execs:0,orig:id:000157,src:000124+000088,time:1066092,execs:2589604,op:splice,rep:17 -> id:000158,time:0,execs:0,orig:id:000158,src:000126+000058,time:1152079,execs:2794048,op:splice,rep:37,+cov
Src file: /home/shibo/syslogd/usr.sbin/syslogd-cov/privsep.c
  New 'line' coverage: 669

[+] AFL test case: id:000159,time:0,execs:0,orig:id:000159,src:000102+000121,time:1206475,execs:2924238,op:splice,rep:13,+cov (159 / 187), cycle: 0
    lines......: 13.3% (474 of 3576 lines)
    functions..: 14.0% (17 of 121 functions)

    Coverage diff id:000158,time:0,execs:0,orig:id:000158,src:000126+000058,time:1152079,execs:2794048,op:splice,rep:37,+cov id:000159,time:0,execs:0,orig:id:000159,src:000102+000121,time:1206475,execs:2924238,op:splice,rep:13,+cov
diff id:000158,time:0,execs:0,orig:id:000158,src:000126+000058,time:1152079,execs:2794048,op:splice,rep:37,+cov -> id:000159,time:0,execs:0,orig:id:000159,src:000102+000121,time:1206475,execs:2924238,op:splice,rep:13,+cov
Src file: /home/shibo/syslogd/usr.sbin/syslogd-cov/privsep.c
  New 'line' coverage: 474
  New 'line' coverage: 475
  New 'line' coverage: 482
  New 'line' coverage: 483
  New 'line' coverage: 484
  New 'line' coverage: 485
  New 'line' coverage: 486
  New 'line' coverage: 493

[+] AFL test case: id:000160,time:0,execs:0,orig:id:000160,src:000159+000138,time:1208049,execs:2927044,op:splice,rep:10 (160 / 187), cycle: 0
    lines......: 13.3% (474 of 3576 lines)
    functions..: 14.0% (17 of 121 functions)
[+] AFL test case: id:000161,time:0,execs:0,orig:id:000161,src:000160+000121,time:1211229,execs:2933531,op:splice,rep:32 (161 / 187), cycle: 0
    lines......: 13.3% (474 of 3576 lines)
    functions..: 14.0% (17 of 121 functions)
[+] AFL test case: id:000162,time:0,execs:0,orig:id:000162,src:000160+000089,time:1454620,execs:3506740,op:splice,rep:37,+cov (162 / 187), cycle: 0
    lines......: 13.3% (477 of 3576 lines)
    functions..: 14.0% (17 of 121 functions)

    Coverage diff id:000161,time:0,execs:0,orig:id:000161,src:000160+000121,time:1211229,execs:2933531,op:splice,rep:32 id:000162,time:0,execs:0,orig:id:000162,src:000160+000089,time:1454620,execs:3506740,op:splice,rep:37,+cov
diff id:000161,time:0,execs:0,orig:id:000161,src:000160+000121,time:1211229,execs:2933531,op:splice,rep:32 -> id:000162,time:0,execs:0,orig:id:000162,src:000160+000089,time:1454620,execs:3506740,op:splice,rep:37,+cov
Src file: /home/shibo/syslogd/usr.sbin/syslogd-cov/privsep.c
  New 'line' coverage: 477
  New 'line' coverage: 478
  New 'line' coverage: 479

[+] AFL test case: id:000163,time:0,execs:0,orig:id:000163,src:000096,time:1753858,execs:4185945,op:havoc,rep:2,+cov (163 / 187), cycle: 0
    lines......: 13.3% (477 of 3576 lines)
    functions..: 14.0% (17 of 121 functions)
[+] AFL test case: id:000164,time:0,execs:0,orig:id:000164,src:000163+000033,time:1764815,execs:4202892,op:splice,rep:3 (164 / 187), cycle: 0
    lines......: 13.3% (477 of 3576 lines)
    functions..: 14.0% (17 of 121 functions)
[+] AFL test case: id:000165,time:0,execs:0,orig:id:000165,src:000164,time:1765749,execs:4205034,op:quick,pos:7 (165 / 187), cycle: 0
    lines......: 13.3% (477 of 3576 lines)
    functions..: 14.0% (17 of 121 functions)
[+] AFL test case: id:000166,time:0,execs:0,orig:id:000166,src:000164,time:1765756,execs:4205045,op:quick,pos:11 (166 / 187), cycle: 0
    lines......: 13.3% (477 of 3576 lines)
    functions..: 14.0% (17 of 121 functions)
[+] AFL test case: id:000167,time:0,execs:0,orig:id:000167,src:000164,time:1765767,execs:4205053,op:quick,pos:12 (167 / 187), cycle: 0
    lines......: 13.3% (477 of 3576 lines)
    functions..: 14.0% (17 of 121 functions)
[+] AFL test case: id:000168,time:0,execs:0,orig:id:000168,src:000164,time:1765778,execs:4205061,op:quick,pos:13 (168 / 187), cycle: 0
    lines......: 13.3% (477 of 3576 lines)
    functions..: 14.0% (17 of 121 functions)
[+] AFL test case: id:000169,time:0,execs:0,orig:id:000169,src:000164,time:1765791,execs:4205071,op:quick,pos:16 (169 / 187), cycle: 0
    lines......: 13.3% (477 of 3576 lines)
    functions..: 14.0% (17 of 121 functions)
[+] AFL test case: id:000170,time:0,execs:0,orig:id:000170,src:000164,time:1765802,execs:4205079,op:quick,pos:17 (170 / 187), cycle: 0
    lines......: 13.3% (477 of 3576 lines)
    functions..: 14.0% (17 of 121 functions)
[+] AFL test case: id:000171,time:0,execs:0,orig:id:000171,src:000164,time:1765821,execs:4205093,op:quick,pos:24 (171 / 187), cycle: 0
    lines......: 13.3% (477 of 3576 lines)
    functions..: 14.0% (17 of 121 functions)
[+] AFL test case: id:000172,time:0,execs:0,orig:id:000172,src:000164,time:1765832,execs:4205101,op:quick,pos:25 (172 / 187), cycle: 0
    lines......: 13.3% (477 of 3576 lines)
    functions..: 14.0% (17 of 121 functions)
[+] AFL test case: id:000173,time:0,execs:0,orig:id:000173,src:000160,time:2649172,execs:5879942,op:havoc,rep:21 (173 / 187), cycle: 0
    lines......: 13.3% (477 of 3576 lines)
    functions..: 14.0% (17 of 121 functions)
[+] AFL test case: id:000174,time:0,execs:0,orig:id:000174,src:000173+000069,time:2654057,execs:5886864,op:splice,rep:28 (174 / 187), cycle: 0
    lines......: 13.3% (477 of 3576 lines)
    functions..: 14.0% (17 of 121 functions)
[+] AFL test case: id:000175,time:0,execs:0,orig:id:000175,src:000173,time:2747118,execs:6068538,op:havoc,rep:31 (175 / 187), cycle: 0
    lines......: 13.3% (477 of 3576 lines)
    functions..: 14.0% (17 of 121 functions)
[+] AFL test case: id:000176,time:0,execs:0,orig:id:000176,src:000175,time:2753248,execs:6080080,op:havoc,rep:20 (176 / 187), cycle: 0
    lines......: 13.3% (477 of 3576 lines)
    functions..: 14.0% (17 of 121 functions)
[+] AFL test case: id:000177,time:0,execs:0,orig:id:000177,src:000168,time:3104167,execs:6813992,op:havoc,rep:1 (177 / 187), cycle: 0
    lines......: 13.3% (477 of 3576 lines)
    functions..: 14.0% (17 of 121 functions)
[+] AFL test case: id:000178,src:000085,time:3772518,execs:8320695,op:quick,pos:2 (178 / 187), cycle: 0
    lines......: 13.3% (477 of 3576 lines)
    functions..: 14.0% (17 of 121 functions)
[+] AFL test case: id:000179,src:000163+000177,time:4244764,execs:9380290,op:splice,rep:22 (179 / 187), cycle: 0
    lines......: 13.3% (477 of 3576 lines)
    functions..: 14.0% (17 of 121 functions)
[+] AFL test case: id:000180,src:000114+000143,time:4707902,execs:10403095,op:splice,rep:53 (180 / 187), cycle: 0
    lines......: 13.3% (477 of 3576 lines)
    functions..: 14.0% (17 of 121 functions)
[+] AFL test case: id:000181,src:000180+000117,time:5109519,execs:11319890,op:splice,rep:32 (181 / 187), cycle: 0
    lines......: 13.3% (477 of 3576 lines)
    functions..: 14.0% (17 of 121 functions)
[+] AFL test case: id:000182,src:000162+000038,time:5411499,execs:12002798,op:splice,rep:32 (182 / 187), cycle: 0
    lines......: 13.3% (477 of 3576 lines)
    functions..: 14.0% (17 of 121 functions)
[+] AFL test case: id:000183,src:000158+000032,time:5625900,execs:12497170,op:splice,rep:6 (183 / 187), cycle: 0
    lines......: 13.3% (477 of 3576 lines)
    functions..: 14.0% (17 of 121 functions)
[+] AFL test case: id:000184,src:000139+000165,time:6555327,execs:14638724,op:splice,rep:2 (184 / 187), cycle: 0
    lines......: 13.3% (477 of 3576 lines)
    functions..: 14.0% (17 of 121 functions)
[+] AFL test case: id:000185,src:000184+000075,time:6720073,execs:15006884,op:splice,rep:59 (185 / 187), cycle: 0
    lines......: 13.3% (477 of 3576 lines)
    functions..: 14.0% (17 of 121 functions)
[+] AFL test case: id:000186,src:000180,time:8062711,execs:18001975,op:havoc,rep:4 (186 / 187), cycle: 0
    lines......: 13.3% (477 of 3576 lines)
    functions..: 14.0% (17 of 121 functions)
[+] Processed 187 / 187 test cases.

[+] Final zero coverage report: ./findings/cov/zero-cov
[+] Final positive coverage report: ./findings/cov/pos-cov
    lines......: 13.3% (477 of 3576 lines)
    functions..: 14.0% (17 of 121 functions)
[+] Final lcov web report: ./findings/cov/web/index.html
